[www.dilseeducationfoundation.org/index.html]
[backblue.gif]
[fade.gif]
[index.html]
[www.dilseeducationfoundation.org/favicon.png]
[use.typekit.net/ik/w4SYt7Hva4RF8R9DuGY0DSQiM5Xo6eub8CnmmvgjzZCfenI2fFHN4UJLFRbh52jhWD9hwcJXZQMuZQsKw24cwQMaZQIDFDB8Zy7vMPG0Ze8CSh9lZAsujhBX-AN0OQsXF260SaBujW48Sagyjh90jhNlOesTdYF8OAmqiAFyie8zdKXXi2btO1FUiABkZWF3]
[www.dilseeducationfoundation.org/aboutcecb]
[static1.squarespace.com/static/sitecss/562b4e05e4b02f107e1371ef/11/52a74dafe4b073a80cd253c5/562c6f6be4b094a157a18326/962-05142015/1470380036650/site8696.css]
[platform.linkedin.com/in.js]
[www.dilseeducationfoundation.org/ways-to-give.html]
[www.dilseeducationfoundation.org/getinvolved/index.html]
[static1.squarespace.com/static/562b4e05e4b02f107e1371ef/565824dde4b0fad364e2b066/575bea6c59827eb21b715981/1465641616211/DSC_0270.jpg]
[www.dilseeducationfoundation.org/press-releases/index.html]
[static1.squarespace.com/static/562b4e05e4b02f107e1371ef/565824dde4b0fad364e2b066/575bf001a3360c42959a90da/1465643040645/_DSC7175.jpg]
[static1.squarespace.com/static/562b4e05e4b02f107e1371ef/565824dde4b0fad364e2b066/565824dde4b08c62b9d198c7/1448617185732/10857361_1586100761639227_160778170101673489_o.jpg]
[static1.squarespace.com/static/562b4e05e4b02f107e1371ef/565824dde4b0fad364e2b066/565824dfe4b0c377c457f85f/1448617185960/10872839_1615146745401295_1001523811060892656_o.jpg]
[static1.squarespace.com/static/562b4e05e4b02f107e1371ef/565824dde4b0fad364e2b066/575bea7e22482ea137066b52/1465641646634/DSC_0276.jpg]
[static1.squarespace.com/static/562b4e05e4b02f107e1371ef/565824dde4b0fad364e2b066/565824e0e4b08c62b9d198d0/1448617187652/10982163_1544984642417506_3115262924040518206_o.jpg]
[static1.squarespace.com/static/562b4e05e4b02f107e1371ef/565824dde4b0fad364e2b066/565824e0e4b0c377c457f870/1448617192459/10989250_1587953151453988_6128119095068709655_o.jpg]
[static1.squarespace.com/static/562b4e05e4b02f107e1371ef/565824dde4b0fad364e2b066/565824e2e4b08c62b9d198d5/1448617190465/10991562_1544985029084134_1045245914686296353_o.jpg]
[static1.squarespace.com/static/562b4e05e4b02f107e1371ef/565824dde4b0fad364e2b066/565824e5e4b08c62b9d198e9/1448617193895/10997185_1544984682417502_4883519049040325587_o.jpg]
[static1.squarespace.com/static/562b4e05e4b02f107e1371ef/565824dde4b0fad364e2b066/565824e6e4b0c377c457f884/1448617193703/11004635_1544984355750868_3236068733463902189_o.jpg]
[static1.squarespace.com/static/562b4e05e4b02f107e1371ef/565824dde4b0fad364e2b066/565824dde4b0c377c457f85b/1448617184868/10661871_1587953858120584_2827500221986759662_o.jpg]
[static1.squarespace.com/static/562b4e05e4b02f107e1371ef/565824dde4b0fad364e2b066/565824e7e4b08c62b9d198f3/1448617194973/11017681_1544984629084174_7828197629788854909_o.jpg]
[static1.squarespace.com/static/562b4e05e4b02f107e1371ef/565824dde4b0fad364e2b066/565824e8e4b0c377c457f89e/1448617196090/11040405_1603795403203096_1161308674231902278_o.jpg]
[static1.squarespace.com/static/562b4e05e4b02f107e1371ef/565824dde4b0fad364e2b066/565824e9e4b08c62b9d19909/1448617196003/11053884_1587936258122344_6210918857373572079_o.jpg]
[static1.squarespace.com/static/562b4e05e4b02f107e1371ef/565824dde4b0fad364e2b066/565824eae4b0c668da556bed/1448617201444/11112748_1581958715386765_3278657166454715777_o.jpg]
[static1.squarespace.com/static/562b4e05e4b02f107e1371ef/565824dde4b0fad364e2b066/565824ebe4b0c377c457f8b8/1448617198847/11148363_1587936654788971_1343061339542739775_o.jpg]
[static1.squarespace.com/static/562b4e05e4b02f107e1371ef/565824dde4b0fad364e2b066/565824ede4b0c377c457f8bd/1448617206124/11212100_1587945421454761_3729213809258531657_o.jpg]
[static1.squarespace.com/static/562b4e05e4b02f107e1371ef/565824dde4b0fad364e2b066/565824efe4b0c668da556c00/1448617207621/11217591_1587954464787190_5744110775748811724_o.jpg]
[static1.squarespace.com/static/562b4e05e4b02f107e1371ef/565824dde4b0fad364e2b066/565824f5e4b0c377c457f8dd/1448617209486/11270551_1581960068719963_379489817278866718_o.jpg]
[static1.squarespace.com/static/562b4e05e4b02f107e1371ef/565824dde4b0fad364e2b066/565824f6e4b0c668da556c15/1448617213039/11337051_1581969078719062_705030333425922341_o.jpg]
[static1.squarespace.com/static/562b4e05e4b02f107e1371ef/565824dde4b0fad364e2b066/565824f8e4b0c377c457f8e0/1448617208958/11391775_1586100754972561_3653955036605137813_n.jpg]
[static1.squarespace.com/static/562b4e05e4b02f107e1371ef/565824dde4b0fad364e2b066/565824f9e4b0c377c457f8e2/1448617218081/11392908_1587946378121332_8946721731907241545_o.jpg]
[static1.squarespace.com/static/562b4e05e4b02f107e1371ef/565824dde4b0fad364e2b066/565824fce4b0c668da556c1f/1448617219523/11392932_1581967022052601_2696290731178792759_o.jpg]
[static1.squarespace.com/static/562b4e05e4b02f107e1371ef/565824dde4b0fad364e2b066/56582500e4b0c377c457f8ff/1448617221032/11406712_1586101128305857_6313350699829140615_o.jpg]
[static1.squarespace.com/static/562b4e05e4b02f107e1371ef/565824dde4b0fad364e2b066/56582502e4b0c668da556c2a/1448617221975/11411995_1595208520728451_4291798172723692660_o.jpg]
[static1.squarespace.com/static/562b4e05e4b02f107e1371ef/565824dde4b0fad364e2b066/56582503e4b0c377c457f915/1448617222468/11412054_1595208604061776_313568855053145161_o.jpg]
[static1.squarespace.com/static/562b4e05e4b02f107e1371ef/565824dde4b0fad364e2b066/56582504e4b0c668da556c40/1448617221032/11692567_1594681150781188_8806239302450285693_n.jpg]
[static1.squarespace.com/static/562b4e05e4b02f107e1371ef/565824dde4b0fad364e2b066/56582504e4b0c668da556c42/1448617224115/11696346_1594681134114523_9077727200203052098_o.jpg]
[static1.squarespace.com/static/562b4e05e4b02f107e1371ef/565824dde4b0fad364e2b066/56582505e4b0c377c457f918/1448617224604/11709680_1595593897356580_1814142273184431295_o.jpg]
[static1.squarespace.com/static/562b4e05e4b02f107e1371ef/565824dde4b0fad364e2b066/56582507e4b0c377c457f91b/1448617234071/11717348_1595208607395109_7844134269222611958_o.jpg]
[static1.squarespace.com/static/562b4e05e4b02f107e1371ef/565824dde4b0fad364e2b066/56582507e4b0c668da556c48/1448617228928/11728829_1595614150687888_3343820039310766445_o.jpg]
[static1.squarespace.com/static/562b4e05e4b02f107e1371ef/565824dde4b0fad364e2b066/5658250be4b0c668da556c5c/1448617227724/11745378_1595208344061802_2111435846325038300_n.jpg]
[static1.squarespace.com/static/562b4e05e4b02f107e1371ef/565824dde4b0fad364e2b066/5658250be4b0c668da556c5f/1448617232081/11754569_1595208530728450_982165052746811665_o.jpg]
[static1.squarespace.com/static/562b4e05e4b02f107e1371ef/565824dde4b0fad364e2b066/5658250ee4b0c668da556c6f/1448617234180/11856457_1603832173199419_530347728940047812_o.jpg]
[static1.squarespace.com/static/562b4e05e4b02f107e1371ef/565824dde4b0fad364e2b066/56582510e4b0c377c457f948/1448617236819/11879090_1603794889869814_2740692091129718652_o.jpg]
[static1.squarespace.com/static/562b4e05e4b02f107e1371ef/565824dde4b0fad364e2b066/56582511e4b06b23bf1b3b82/1448617239232/11951461_1615146698734633_2896496327114228193_o.jpg]
[static1.squarespace.com/static/562b4e05e4b02f107e1371ef/565824dde4b0fad364e2b066/56582513e4b0c377c457f95a/1448617236993/12011389_1615146635401306_2111296049188621117_n.jpg]
[static1.squarespace.com/static/562b4e05e4b02f107e1371ef/565824dde4b0fad364e2b066/56582515e4b0fad364e2b11e/1448617240288/12011393_1615146655401304_3495801832651136634_n.jpg]
[static1.squarespace.com/static/562b4e05e4b02f107e1371ef/565824dde4b0fad364e2b066/56582515e4b0c668da556c80/1448617243349/12017626_1615146782067958_3775811971884956181_o.jpg]
[static1.squarespace.com/static/562b4e05e4b02f107e1371ef/565824dde4b0fad364e2b066/56582518e4b0c377c457f972/1448617242878/12027290_1615047235411246_5658254673217723882_o.jpg]
[static1.squarespace.com/static/562b4e05e4b02f107e1371ef/565824dde4b0fad364e2b066/5658251ae4b06b23bf1b3b97/1448617243419/12042904_1615146885401281_1029953596680180783_n.jpg]
[static1.squarespace.com/static/562b4e05e4b02f107e1371ef/565824dde4b0fad364e2b066/575beada22482ea137066be8/1465641715600/New2_Pic_1.jpg]
[static1.squarespace.com/static/562b4e05e4b02f107e1371ef/565824dde4b0fad364e2b066/5658251ae4b0c668da556c96/1448617243646/12049246_1615146522067984_3340013840918158749_n.jpg]
[static1.squarespace.com/static/562b4e05e4b02f107e1371ef/565824dde4b0fad364e2b066/5658251be4b06b23bf1b3b9a/1448617247462/12183793_1623865027862800_8694656658637549315_o.jpg]
[static1.squarespace.com/static/562b4e05e4b02f107e1371ef/565824dde4b0fad364e2b066/5658251ce4b0c668da556c98/1448617248556/12185397_1623865761196060_6948188914637161808_o.jpg]
[static1.squarespace.com/static/562b4e05e4b02f107e1371ef/565824dde4b0fad364e2b066/5658251ee4b0c377c457f997/1448617252018/donate.jpg]
[static1.squarespace.com/static/562b4e05e4b02f107e1371ef/565824dde4b0fad364e2b066/56582520e4b08c62b9d199b6/1448617255840/Join+our+Day+of+Action+Program.jpg]
[static1.squarespace.com/static/562b4e05e4b02f107e1371ef/565824dde4b0fad364e2b066/575be8d322482ea1370667f7/1465641220210/DSC_0132.jpg]
[static1.squarespace.com/static/562b4e05e4b02f107e1371ef/565824dde4b0fad364e2b066/575be8d359827eb21b7155fd/1465641210311/DSC_0135.jpg]
[static1.squarespace.com/static/562b4e05e4b02f107e1371ef/565824dde4b0fad364e2b066/575be8f659827eb21b715623/1465641246574/DSC_0144.jpg]
[static1.squarespace.com/static/562b4e05e4b02f107e1371ef/565824dde4b0fad364e2b066/575be90022482ea137066855/1465641285731/DSC_0148.jpg]
[static1.squarespace.com/static/562b4e05e4b02f107e1371ef/565824dde4b0fad364e2b066/575be91b59827eb21b715695/1465641298511/DSC_0149.jpg]
[static1.squarespace.com/static/562b4e05e4b02f107e1371ef/565824dde4b0fad364e2b066/575be94022482ea1370668df/1465641340027/DSC_0151.jpg]
[static1.squarespace.com/static/562b4e05e4b02f107e1371ef/565824dde4b0fad364e2b066/575beaf022482ea137066c08/1465641748022/New2_Pic_4.jpg]
[static1.squarespace.com/static/562b4e05e4b02f107e1371ef/565824dde4b0fad364e2b066/575be94d59827eb21b71570a/1465641330590/DSC_0164.jpg]
[static1.squarespace.com/static/562b4e05e4b02f107e1371ef/565824dde4b0fad364e2b066/575be96e59827eb21b71574d/1465641373177/DSC_0165.jpg]
[static1.squarespace.com/static/562b4e05e4b02f107e1371ef/565824dde4b0fad364e2b066/575be97822482ea137066957/1465641376697/DSC_0169.jpg]
[static1.squarespace.com/static/562b4e05e4b02f107e1371ef/565824dde4b0fad364e2b066/575bea1e59827eb21b7158b6/1465641539499/DSC_0261.jpg]
[static1.squarespace.com/static/562b4e05e4b02f107e1371ef/565824dde4b0fad364e2b066/575be99959827eb21b7157c4/1465641426096/DSC_0187.jpg]
[static1.squarespace.com/static/562b4e05e4b02f107e1371ef/565824dde4b0fad364e2b066/575beb1022482ea137066c3f/1465642038559/Picture+1254.jpg]
[static1.squarespace.com/static/562b4e05e4b02f107e1371ef/565824dde4b0fad364e2b066/575be99d22482ea1370669a7/1465641424769/DSC_0227.jpg]
[static1.squarespace.com/static/562b4e05e4b02f107e1371ef/565824dde4b0fad364e2b066/575be9cc22482ea137066a18/1465641461604/DSC_0241.jpg]
[static1.squarespace.com/static/562b4e05e4b02f107e1371ef/565824dde4b0fad364e2b066/575be9cf59827eb21b71582e/1465641465266/DSC_0242.jpg]
[static1.squarespace.com/static/562b4e05e4b02f107e1371ef/565824dde4b0fad364e2b066/575be9f222482ea137066a4e/1465641503178/DSC_0247.jpg]
[static1.squarespace.com/static/562b4e05e4b02f107e1371ef/565824dde4b0fad364e2b066/575be9f559827eb21b71587a/1465641505916/DSC_0248.jpg]
[static1.squarespace.com/static/562b4e05e4b02f107e1371ef/565824dde4b0fad364e2b066/575bea1b22482ea137066a87/1465641548108/DSC_0258.jpg]
[static1.squarespace.com/static/562b4e05e4b02f107e1371ef/565824dde4b0fad364e2b066/575bea3f59827eb21b715910/1465641584390/DSC_0264.jpg]
[static1.squarespace.com/static/562b4e05e4b02f107e1371ef/565824dde4b0fad364e2b066/575bea4822482ea137066abd/1465641602297/DSC_0266.jpg]
[static1.squarespace.com/static/562b4e05e4b02f107e1371ef/565824dde4b0fad364e2b066/575bec4aa3360c42959a887e/1465642094535/New2_Pic_2.jpg]
[static1.squarespace.com/static/562b4e05e4b02f107e1371ef/565824dde4b0fad364e2b066/575bec6c86db43c5eac3a92c/1465642116196/IMG_3280.jpg]
[static1.squarespace.com/static/562b4e05e4b02f107e1371ef/565824dde4b0fad364e2b066/575bec8186db43c5eac3a961/1465642154189/IMG_3345.jpg]
[static1.squarespace.com/static/562b4e05e4b02f107e1371ef/565824dde4b0fad364e2b066/575beca686db43c5eac3a9ba/1465642180049/IMG_3350.jpg]
[static1.squarespace.com/static/562b4e05e4b02f107e1371ef/565824dde4b0fad364e2b066/575becc186db43c5eac3a9e3/1465642187251/IMG_20160402_093123_HDR.jpg]
[static1.squarespace.com/static/562b4e05e4b02f107e1371ef/565824dde4b0fad364e2b066/575becc986db43c5eac3a9f1/1465642191870/IMG_20160402_093127_HDR.jpg]
[static1.squarespace.com/static/562b4e05e4b02f107e1371ef/565824dde4b0fad364e2b066/575becce86db43c5eac3aa00/1465642196150/IMG_20160402_094125_HDR.jpg]
[static1.squarespace.com/static/562b4e05e4b02f107e1371ef/565824dde4b0fad364e2b066/575becd286db43c5eac3aa0c/1465642203694/IMG_20160402_102721_HDR.jpg]
[static1.squarespace.com/static/562b4e05e4b02f107e1371ef/565824dde4b0fad364e2b066/575bed9af85082971fca7934/1465642456344/_DSC7032.jpg]
[static1.squarespace.com/static/562b4e05e4b02f107e1371ef/565824dde4b0fad364e2b066/575bee0d044262e4c4951b15/1465642549597/_DSC7327.jpg]
[static1.squarespace.com/static/562b4e05e4b02f107e1371ef/565824dde4b0fad364e2b066/575bee30044262e4c4951b71/1465642590167/_DSC7097.jpg]
[static1.squarespace.com/static/562b4e05e4b02f107e1371ef/565824dde4b0fad364e2b066/575bee5a044262e4c4951bcf/1465642972261/_DSC7042.jpg]
[static1.squarespace.com/static/562b4e05e4b02f107e1371ef/565824dde4b0fad364e2b066/575bee76044262e4c4951bfe/1465642972330/_DSC7112.jpg]
[static1.squarespace.com/static/562b4e05e4b02f107e1371ef/565824dde4b0fad364e2b066/575bee9c044262e4c4951c44/1465642972581/_DSC7298.jpg]
[static1.squarespace.com/static/562b4e05e4b02f107e1371ef/565824dde4b0fad364e2b066/575bf0011bbee0391f66ee24/1465643067993/_DSC7168.jpg]
[static1.squarespace.com/static/562b4e05e4b02f107e1371ef/565824dde4b0fad364e2b066/575bf01ca3360c42959a9109/1465643068080/_DSC7217.jpg]
[static1.squarespace.com/static/562b4e05e4b02f107e1371ef/565824dde4b0fad364e2b066/57a432fb59cc68cdfb00fb5e/1470378754341/DilSe+Education_27_07_16-1.jpg]
[static1.squarespace.com/static/562b4e05e4b02f107e1371ef/565824dde4b0fad364e2b066/57a432fb6b8f5befded7bd81/1470378753646/DilSe+Education_27_07_16-2.jpg]
[static1.squarespace.com/static/562b4e05e4b02f107e1371ef/565824dde4b0fad364e2b066/57a4330559cc68cdfb00fb80/1470378765088/DilSe+Education_27_07_16-3.jpg]
[static1.squarespace.com/static/562b4e05e4b02f107e1371ef/565824dde4b0fad364e2b066/57a433056b8f5befded7bda7/1470378771975/DilSe+Education_27_07_16-4.jpg]
[static1.squarespace.com/static/562b4e05e4b02f107e1371ef/565824dde4b0fad364e2b066/57a4330eff7c508424dafbfc/1470378773621/DilSe+Education_27_07_16-5.jpg]
[static1.squarespace.com/static/562b4e05e4b02f107e1371ef/565824dde4b0fad364e2b066/57a433106b8f5befded7bdbd/1470378782992/DilSe+Education_27_07_16-6.jpg]
[static1.squarespace.com/static/562b4e05e4b02f107e1371ef/565824dde4b0fad364e2b066/57a43313ff7c508424dafc0a/1470378780940/DilSe+Education_27_07_16-7.jpg]
[static1.squarespace.com/static/562b4e05e4b02f107e1371ef/565824dde4b0fad364e2b066/57a4331aff7c508424dafc1a/1470378793015/DilSe+Education_27_07_16-8.jpg]
[static1.squarespace.com/static/562b4e05e4b02f107e1371ef/565824dde4b0fad364e2b066/57a4331b6b8f5befded7bdd4/1470378789440/DilSe+Education_27_07_16-9.jpg]
[static1.squarespace.com/static/562b4e05e4b02f107e1371ef/565824dde4b0fad364e2b066/57a433226b8f5befded7bde6/1470378799162/DilSe+Education_27_07_16-10.jpg]
[static1.squarespace.com/static/562b4e05e4b02f107e1371ef/565824dde4b0fad364e2b066/57a43326ff7c508424dafc5a/1470378798476/DilSe+Education_27_07_16-11.jpg]
[static1.squarespace.com/static/562b4e05e4b02f107e1371ef/565824dde4b0fad364e2b066/57a4332c6b8f5befded7be09/1470378804333/DilSe+Education_27_07_16-12.jpg]
[static1.squarespace.com/static/562b4e05e4b02f107e1371ef/565824dde4b0fad364e2b066/57a4332dff7c508424dafc8b/1470378805300/DilSe+Education_27_07_16-13.jpg]
[static1.squarespace.com/static/562b4e05e4b02f107e1371ef/565824dde4b0fad364e2b066/57a433326b8f5befded7be36/1470378812472/DilSe+Education_27_07_16-14.jpg]
[static1.squarespace.com/static/562b4e05e4b02f107e1371ef/565824dde4b0fad364e2b066/57a43332ff7c508424dafcad/1470378817992/DilSe+Education_27_07_16-15.jpg]
[static1.squarespace.com/static/562b4e05e4b02f107e1371ef/565824dde4b0fad364e2b066/57a433396b8f5befded7be4b/1470378820007/DilSe+Education_27_07_16-16.jpg]
[static1.squarespace.com/static/562b4e05e4b02f107e1371ef/565824dde4b0fad364e2b066/57a4333eff7c508424dafcef/1470378821585/DilSe+Education_27_07_16-17.jpg]
[static1.squarespace.com/static/562b4e05e4b02f107e1371ef/565824dde4b0fad364e2b066/57a433416b8f5befded7be6e/1470378829246/DilSe+Education_27_07_16-18.jpg]
[static1.squarespace.com/static/562b4e05e4b02f107e1371ef/565824dde4b0fad364e2b066/57a43343ff7c508424dafd13/1470378836761/DilSe+Education_27_07_16-19.jpg]
[static1.squarespace.com/static/562b4e05e4b02f107e1371ef/565824dde4b0fad364e2b066/57a4334a6b8f5befded7be84/1470378838553/DilSe+Education_27_07_16-20.jpg]
[static1.squarespace.com/static/562b4e05e4b02f107e1371ef/565824dde4b0fad364e2b066/57a43352ff7c508424dafd56/1470378844842/DilSe+Education_27_07_16-21.jpg]
[static1.squarespace.com/static/562b4e05e4b02f107e1371ef/565824dde4b0fad364e2b066/57a433546b8f5befded7bea9/1470378848175/DilSe+Education_27_07_16-22.jpg]
[static1.squarespace.com/static/562b4e05e4b02f107e1371ef/565824dde4b0fad364e2b066/57a43359ff7c508424dafd76/1470378849265/DilSe+Education_27_07_16-23.jpg]
[static1.squarespace.com/static/562b4e05e4b02f107e1371ef/565824dde4b0fad364e2b066/57a4335d6b8f5befded7bed1/1470378853898/DilSe+Education_27_07_16-24.jpg]
[static1.squarespace.com/static/562b4e05e4b02f107e1371ef/565824dde4b0fad364e2b066/57a4335fff7c508424dafd86/1470378857671/DilSe+Education_27_07_16-25.jpg]
[static1.squarespace.com/static/562b4e05e4b02f107e1371ef/565824dde4b0fad364e2b066/57a433636b8f5befded7beee/1470378860987/DilSe+Education_27_07_16-26.jpg]
[static1.squarespace.com/static/562b4e05e4b02f107e1371ef/565824dde4b0fad364e2b066/57a43367ff7c508424dafd9a/1470378867940/DilSe+Education_27_07_16-27.jpg]
[static1.squarespace.com/static/562b4e05e4b02f107e1371ef/565824dde4b0fad364e2b066/57a4336a6b8f5befded7bf24/1470378866939/DilSe+Education_27_07_16-28.jpg]
[static1.squarespace.com/static/562b4e05e4b02f107e1371ef/565824dde4b0fad364e2b066/57a43370ff7c508424dafdbc/1470378872535/DilSe+Education_27_07_16-29.jpg]
[static1.squarespace.com/static/562b4e05e4b02f107e1371ef/565824dde4b0fad364e2b066/57a433706b8f5befded7bf39/1470378876918/DilSe+Education_27_07_16-30.jpg]
[static1.squarespace.com/static/562b4e05e4b02f107e1371ef/565824dde4b0fad364e2b066/57a43375ff7c508424dafdd2/1470378878027/DilSe+Education_27_07_16-31.jpg]
[static1.squarespace.com/static/562b4e05e4b02f107e1371ef/565824dde4b0fad364e2b066/57a4337a6b8f5befded7bf6c/1470378883870/DilSe+Education_27_07_16-32.jpg]
[static1.squarespace.com/static/562b4e05e4b02f107e1371ef/565824dde4b0fad364e2b066/57a4337bff7c508424dafdeb/1470378885420/DilSe+Education_27_07_16-33.jpg]
[static1.squarespace.com/static/562b4e05e4b02f107e1371ef/565824dde4b0fad364e2b066/57a433806b8f5befded7bf7c/1470378892845/DilSe+Education_27_07_16-34.jpg]
[static1.squarespace.com/static/562b4e05e4b02f107e1371ef/565824dde4b0fad364e2b066/57a43383ff7c508424dafe07/1470378897047/DilSe+Education_27_07_16-35.jpg]
[static1.squarespace.com/static/562b4e05e4b02f107e1371ef/565824dde4b0fad364e2b066/57a433886b8f5befded7bf92/1470378896279/DilSe+Education_27_07_16-36.jpg]
[static1.squarespace.com/static/562b4e05e4b02f107e1371ef/565824dde4b0fad364e2b066/57a4338e6b8f5befded7bfa2/1470378904829/DilSe+Education_27_07_16-37.jpg]
[static1.squarespace.com/static/562b4e05e4b02f107e1371ef/565824dde4b0fad364e2b066/57a4338eff7c508424dafe2c/1470378907084/DilSe+Education_27_07_16-38.jpg]
[static1.squarespace.com/static/562b4e05e4b02f107e1371ef/565824dde4b0fad364e2b066/57a433956b8f5befded7bfd1/1470378916432/DilSe+Education_27_07_16-39.jpg]
[static1.squarespace.com/static/562b4e05e4b02f107e1371ef/565824dde4b0fad364e2b066/57a43398ff7c508424dafe4a/1470378918968/DilSe+Education_27_07_16-40.jpg]
[static1.squarespace.com/static/562b4e05e4b02f107e1371ef/565824dde4b0fad364e2b066/57a433a16b8f5befded7c005/1470378931260/DilSe+Education_27_07_16-41.jpg]
[static1.squarespace.com/static/562b4e05e4b02f107e1371ef/565824dde4b0fad364e2b066/57a433a4ff7c508424dafe79/1470378931025/DilSe+Education_27_07_16-42.jpg]
[static1.squarespace.com/static/562b4e05e4b02f107e1371ef/565824dde4b0fad364e2b066/57a433af6b8f5befded7c031/1470378940810/DilSe+Education_27_07_16-43.jpg]
[static1.squarespace.com/static/562b4e05e4b02f107e1371ef/565824dde4b0fad364e2b066/57a433b0ff7c508424dafe9a/1470378944885/DilSe+Education_27_07_16-44.jpg]
[static1.squarespace.com/static/562b4e05e4b02f107e1371ef/565824dde4b0fad364e2b066/57a433ba6b8f5befded7c050/1470378947251/DilSe+Education_27_07_16-45.jpg]
[static1.squarespace.com/static/562b4e05e4b02f107e1371ef/565824dde4b0fad364e2b066/57a433bdff7c508424dafedf/1470378968220/DilSe+Education_27_07_16-46.jpg]
[static1.squarespace.com/static/562b4e05e4b02f107e1371ef/565824dde4b0fad364e2b066/57a433c16b8f5befded7c066/1470378958485/DilSe+Education_27_07_16-47.jpg]
[static1.squarespace.com/static/562b4e05e4b02f107e1371ef/565824dde4b0fad364e2b066/57a433cb6b8f5befded7c086/1470378970773/DilSe+Education_27_07_16-48.jpg]
[static1.squarespace.com/static/562b4e05e4b02f107e1371ef/565824dde4b0fad364e2b066/57a433d5ff7c508424daff12/1470378977866/DilSe+Education_27_07_16-49.jpg]
[static1.squarespace.com/static/562b4e05e4b02f107e1371ef/565824dde4b0fad364e2b066/57a433d86b8f5befded7c0a7/1470378982876/DilSe+Education_27_07_16-50.jpg]
[static1.squarespace.com/static/562b4e05e4b02f107e1371ef/565824dde4b0fad364e2b066/57a433deff7c508424daff37/1470378984559/DilSe+Education_27_07_16-51.jpg]
[static1.squarespace.com/static/562b4e05e4b02f107e1371ef/565824dde4b0fad364e2b066/57a433e36b8f5befded7c0c3/1470378990285/DilSe+Education_27_07_16-52.jpg]
[static1.squarespace.com/static/562b4e05e4b02f107e1371ef/565824dde4b0fad364e2b066/57a433e6ff7c508424daff58/1470378996161/DilSe+Education_27_07_16-53.jpg]
[static1.squarespace.com/static/562b4e05e4b02f107e1371ef/565824dde4b0fad364e2b066/57a433eb6b8f5befded7c0f4/1470379000367/DilSe+Education_27_07_16-54.jpg]
[static1.squarespace.com/static/562b4e05e4b02f107e1371ef/565824dde4b0fad364e2b066/57a433f2ff7c508424daff83/1470379013392/DilSe+Education_27_07_16-55.jpg]
[static1.squarespace.com/static/562b4e05e4b02f107e1371ef/565824dde4b0fad364e2b066/57a433f56b8f5befded7c117/1470379007832/DilSe+Education_27_07_16-56.jpg]
[static1.squarespace.com/static/562b4e05e4b02f107e1371ef/565824dde4b0fad364e2b066/57a433fd6b8f5befded7c134/1470379024048/DilSe+Education_27_07_16-57.jpg]
[static1.squarespace.com/static/562b4e05e4b02f107e1371ef/565824dde4b0fad364e2b066/57a43403ff7c508424daffd4/1470379024638/DilSe+Education_27_07_16-58.jpg]
[static1.squarespace.com/static/562b4e05e4b02f107e1371ef/565824dde4b0fad364e2b066/57a4340d6b8f5befded7c16d/1470379033686/DilSe+Education_27_07_16-59.jpg]
[static1.squarespace.com/static/562b4e05e4b02f107e1371ef/565824dde4b0fad364e2b066/57a4340dff7c508424db000b/1470379036337/DilSe+Education_27_07_16-60.jpg]
[static1.squarespace.com/static/562b4e05e4b02f107e1371ef/565824dde4b0fad364e2b066/57a434176b8f5befded7c192/1470379050104/DilSe+Education_27_07_16-61.jpg]
[static1.squarespace.com/static/562b4e05e4b02f107e1371ef/565824dde4b0fad364e2b066/57a43419ff7c508424db0045/1470379050712/DilSe+Education_27_07_16-62.jpg]
[static1.squarespace.com/static/562b4e05e4b02f107e1371ef/565824dde4b0fad364e2b066/57a434286b8f5befded7c1ee/1470379059622/DilSe+Education_27_07_16-63.jpg]
[static1.squarespace.com/static/562b4e05e4b02f107e1371ef/565824dde4b0fad364e2b066/57a43428ff7c508424db0083/1470379062874/DilSe+Education_27_07_16-64.jpg]
[static1.squarespace.com/static/562b4e05e4b02f107e1371ef/565824dde4b0fad364e2b066/57a434306b8f5befded7c20a/1470379070728/DilSe+Education_27_07_16-65.jpg]
[static1.squarespace.com/static/562b4e05e4b02f107e1371ef/565824dde4b0fad364e2b066/57a43434ff7c508424db00a5/1470379072472/DilSe+Education_27_07_16-66.jpg]
[static1.squarespace.com/static/562b4e05e4b02f107e1371ef/565824dde4b0fad364e2b066/57a4343b6b8f5befded7c269/1470379075101/DilSe+Education_27_07_16-67.jpg]
[static1.squarespace.com/static/562b4e05e4b02f107e1371ef/565824dde4b0fad364e2b066/57a4343eff7c508424db00bd/1470379080914/DilSe+Education_27_07_16-68.jpg]
[static1.squarespace.com/static/562b4e05e4b02f107e1371ef/565824dde4b0fad364e2b066/57a434416b8f5befded7c2a9/1470379083206/DilSe+Education_27_07_16-69.jpg]
[static1.squarespace.com/static/562b4e05e4b02f107e1371ef/565824dde4b0fad364e2b066/57a43446ff7c508424db00ed/1470379097598/DilSe+Education_27_07_16-70.jpg]
[static1.squarespace.com/static/562b4e05e4b02f107e1371ef/565824dde4b0fad364e2b066/57a434486b8f5befded7c2e0/1470379099749/DilSe+Education_27_07_16-71.jpg]
[static1.squarespace.com/static/562b4e05e4b02f107e1371ef/565824dde4b0fad364e2b066/57a43456ff7c508424db0127/1470379114653/DilSe+Education_27_07_16-72.jpg]
[static1.squarespace.com/static/562b4e05e4b02f107e1371ef/565824dde4b0fad364e2b066/57a434586b8f5befded7c323/1470379116295/DilSe+Education_27_07_16-73.jpg]
[static1.squarespace.com/static/562b4e05e4b02f107e1371ef/565824dde4b0fad364e2b066/57a43467ff7c508424db0158/1470379124716/DilSe+Education_27_07_16-74.jpg]
[static1.squarespace.com/static/562b4e05e4b02f107e1371ef/565824dde4b0fad364e2b066/57a434696b8f5befded7c37c/1470379129474/DilSe+Education_27_07_16-75.jpg]
[static1.squarespace.com/static/562b4e05e4b02f107e1371ef/565824dde4b0fad364e2b066/57a43471ff7c508424db0175/1470379129129/DilSe+Education_27_07_16-76.jpg]
[static1.squarespace.com/static/562b4e05e4b02f107e1371ef/565824dde4b0fad364e2b066/57a434766b8f5befded7c3ac/1470379134888/DilSe+Education_27_07_16-77.jpg]
[static1.squarespace.com/static/562b4e05e4b02f107e1371ef/565824dde4b0fad364e2b066/57a43477ff7c508424db018a/1470379142025/DilSe+Education_27_07_16-78.jpg]
[static1.squarespace.com/static/562b4e05e4b02f107e1371ef/565824dde4b0fad364e2b066/57a4347b6b8f5befded7c3c2/1470379149079/DilSe+Education_27_07_16-79.jpg]
[static1.squarespace.com/static/562b4e05e4b02f107e1371ef/565824dde4b0fad364e2b066/57a43482ff7c508424db01a9/1470379149043/DilSe+Education_27_07_16-80.jpg]
[static1.squarespace.com/static/562b4e05e4b02f107e1371ef/565824dde4b0fad364e2b066/57a434896b8f5befded7c3f1/1470379166682/DilSe+Education_27_07_16-81.jpg]
[static1.squarespace.com/static/562b4e05e4b02f107e1371ef/565824dde4b0fad364e2b066/57a4348bff7c508424db01cb/1470379156030/DilSe+Education_27_07_16-82.jpg]
[static1.squarespace.com/static/562b4e05e4b02f107e1371ef/565824dde4b0fad364e2b066/57a43491ff7c508424db01e3/1470379163849/DilSe+Education_27_07_16-83.jpg]
[static1.squarespace.com/static/562b4e05e4b02f107e1371ef/565824dde4b0fad364e2b066/57a434986b8f5befded7c428/1470379171725/DilSe+Education_27_07_16-84.jpg]
[static1.squarespace.com/static/562b4e05e4b02f107e1371ef/565824dde4b0fad364e2b066/57a43499ff7c508424db0205/1470379193260/DilSe+Education_27_07_16-85.jpg]
[static1.squarespace.com/static/562b4e05e4b02f107e1371ef/565824dde4b0fad364e2b066/57a434a06b8f5befded7c44e/1470379195165/DilSe+Education_27_07_16-86.jpg]
[static1.squarespace.com/static/562b4e05e4b02f107e1371ef/565824dde4b0fad364e2b066/57a434b6ff7c508424db0252/1470379202163/DilSe+Education_27_07_16-87.jpg]
[static1.squarespace.com/static/562b4e05e4b02f107e1371ef/565824dde4b0fad364e2b066/57a434b76b8f5befded7c4a1/1470379206709/DilSe+Education_27_07_16-88.jpg]
[static1.squarespace.com/static/562b4e05e4b02f107e1371ef/565824dde4b0fad364e2b066/57a434bfff7c508424db0277/1470379219716/DilSe+Education_27_07_16-89.jpg]
[static1.squarespace.com/static/562b4e05e4b02f107e1371ef/565824dde4b0fad364e2b066/57a434c36b8f5befded7c4d1/1470379226560/DilSe+Education_27_07_16-90.jpg]
[static1.squarespace.com/static/562b4e05e4b02f107e1371ef/565824dde4b0fad364e2b066/57a434d0ff7c508424db02d7/1470379235011/DilSe+Education_27_07_16-91.jpg]
[static1.squarespace.com/static/562b4e05e4b02f107e1371ef/565824dde4b0fad364e2b066/57a434d96b8f5befded7c508/1470379237482/DilSe+Education_27_07_16-92.jpg]
[static1.squarespace.com/static/562b4e05e4b02f107e1371ef/565824dde4b0fad364e2b066/57a434e0ff7c508424db0320/1470379249681/DilSe+Education_27_07_16-93.jpg]
[static1.squarespace.com/static/562b4e05e4b02f107e1371ef/565824dde4b0fad364e2b066/57a434e26b8f5befded7c527/1470379252850/DilSe+Education_27_07_16-94.jpg]
[static1.squarespace.com/static/562b4e05e4b02f107e1371ef/565824dde4b0fad364e2b066/57a434eeff7c508424db035d/1470379269373/DilSe+Education_27_07_16-95.jpg]
[static1.squarespace.com/static/562b4e05e4b02f107e1371ef/565824dde4b0fad364e2b066/57a434f16b8f5befded7c56a/1470379267488/DilSe+Education_27_07_16-96.jpg]
[static1.squarespace.com/static/562b4e05e4b02f107e1371ef/565824dde4b0fad364e2b066/57a435016b8f5befded7c5a8/1470379284780/DilSe+Education_27_07_16-97.jpg]
[static1.squarespace.com/static/562b4e05e4b02f107e1371ef/565824dde4b0fad364e2b066/57a43502ff7c508424db03af/1470379284518/DilSe+Education_27_07_16-98.jpg]
[static1.squarespace.com/static/562b4e05e4b02f107e1371ef/565824dde4b0fad364e2b066/57a43510ff7c508424db03de/1470379297507/DilSe+Education_27_07_16-99.jpg]
[www.dilseeducationfoundation.org/index.html]
[static.squarespace.com/universal/images-v6/big-gear.png]
[static1.squarespace.com/static/ta/52a74d9ae4b0253945d2aee9/962/scripts/combo/indexdea7.html]
[static.squarespace.com/universal/images-v6/big-gear-dark.png]
[static.squarespace.com/universal/images-v6/damask/error-dark.png]
[static.squarespace.com/universal/images-v6/damask/error-dark@2x.png]
[static.squarespace.com/universal/images-v6/damask/edit-aviary-light.png]
[static.squarespace.com/universal/images-v6/damask/edit-aviary-light@2x.png]
[static.squarespace.com/universal/images-v6/damask/edit-info-light.png]
[static.squarespace.com/universal/images-v6/damask/edit-info-light@2x.png]
[static.squarespace.com/universal/images-v6/damask/trash-9-light.png]
[static.squarespace.com/universal/images-v6/damask/trash-9-light@2x.png]
[static.squarespace.com/universal/images-v6/damask/trash-9-red.png]
[static.squarespace.com/universal/images-v6/damask/trash-9-red@2x.png]
[static.squarespace.com/universal/images-v6/damask/getty-16-light.png]
[static.squarespace.com/universal/images-v6/damask/getty-32-light.png]
[static.squarespace.com/universal/images-v6/damask/shopping-cart-16-light.png]
[static.squarespace.com/universal/images-v6/damask/shopping-cart-32-light.png]
[static.squarespace.com/universal/images-v6/damask/play-button.png]
[static.squarespace.com/universal/images-v6/damask/play-button@2x.png]
[static1.squarespace.com/static/sitecss/562b4e05e4b02f107e1371ef/11/52a74dafe4b073a80cd253c5/562c6f6be4b094a157a18326/962-05142015/1470380036650/gallery-play-big.css]
[static1.squarespace.com/static/sitecss/562b4e05e4b02f107e1371ef/11/52a74dafe4b073a80cd253c5/562c6f6be4b094a157a18326/962-05142015/1470380036650/gallery-play-big@2x.css]
[static.squarespace.com/universal/images-v6/icons/icon-closethin-15-dark.png]
[static.squarespace.com/universal/images-v6/mobile-info-bar/map.png]
[static1.squarespace.com/universal/images-v6/icons/block-indicator-dark.png]
[static1.squarespace.com/universal/images-v6/icons/block-indicator-dark@2x.png]
[static1.squarespace.com/universal/images-v6/icons/icon_close_14_light.png]
[static1.squarespace.com/static/sitecss/562b4e05e4b02f107e1371ef/11/52a74dafe4b073a80cd253c5/562c6f6be4b094a157a18326/962-05142015/1470380036650/icon_close_14_light.css]
[static.squarespace.com/universal/images-v6/icons/icon-video-24-light-solid.png]
[static.squarespace.com/universal/images-v6/icons/icon-settings-16-light.png]
[static1.squarespace.com/universal/images-v6/icons/icon-searchqueries-20-dark.png]
[static1.squarespace.com/universal/images-v6/icons/icon-searchqueries-20-light.png]
[static.squarespace.com/universal/images-v6/standard/icon_close_7_light.png]
[static1.squarespace.com/universal/images-v6/icons/opentable-icons.png]
[static1.squarespace.com/static/sitecss/562b4e05e4b02f107e1371ef/11/52a74dafe4b073a80cd253c5/562c6f6be4b094a157a18326/962-05142015/1470380036650/site8696.css]
[www.dilseeducationfoundation.org/getinvolvedcecb]
[www.dilseeducationfoundation.org/getinvolved/index.html]
[www.dilseeducationfoundation.org/press-releasescecb]
[www.dilseeducationfoundation.org/press-releases/2016/6/11/dil-se-education-foundation-and-mpp-take-up-the-mission-to-educate-students-to-protect-and-plant-trees-at-ramachandrapuram.html]
[www.dilseeducationfoundation.org/press-releases/2016/6/9/shri-d-ronald-rose-ias-collector-district-magistrate-medak-telangana-state-appreciating-the-swachh-vidyalaya-efforts-at-mpps-ramachandrapuram-medak-telang]
[www.dilseeducationfoundation.org/press-releases/indexbfaa.html]
[www.dilseeducationfoundation.org/press-releases/2016/6/11/dil-se-education-foundation-introduces-english-as-a-medium-of-instruction-for-the-first-time-in-a-government-school-at-ramachandrapuram.html]
[www.dilseeducationfoundation.org/press-releases/2016/6/11/dil-se-education-foundation-endorses-mission-vidyalaya.html]
[www.dilseeducationfoundation.org/press-releases/2016/6/11/mpp-yadagiri-yadav-appreciates-dil-se-education-foundation-for-endorsing-haritha-haram-green-garland-to-telangana-program-for-planting-trees.html]
[www.dilseeducationfoundation.org/press-releases/2016/6/11/dil-se-education-foundation-promotes-planting-trees-and-educates-students-to-conserve-the-environment.html]
[www.dilseeducationfoundation.org/press-releases/2016/6/11/with-the-support-of-dil-se-education-mpp-yadagiri-yadav-urges-children-to-join-government-schools.html]
[www.dilseeducationfoundation.org/press-releases/2016/6/11/mpp-yadagiri-yadav-revamps-government-school-with-dil-se-education-support.html]
[www.dilseeducationfoundation.org/press-releases/2016/6/11/dil-se-education-steps-forward-to-adopt-government-schools-by-facilitating-digital-education-improving-sanitation-and-infrastructure.html]
[www.dilseeducationfoundation.org/press-releases/2016/6/11/mpp-yadagiri-yadav-takes-initiative-to-improve-the-infrastructure-and-provide-education-to-the-underprivileged-children-with-the-support-of-dil-se-educat]
[www.dilseeducationfoundation.org/press-releases/index.html]
[www.dilseeducationfoundation.org/press-releases/2016/6/9/receiving-certificates-of-appreciation-from-members-of-government-of-telangana-for-the-outstanding-contribution-to-swachh-vidyalaya-program.html]
[www.dilseeducationfoundation.org/press-releases/indexf497.html]
[www.dilseeducationfoundation.org/press-releases/indexe85f.html]
[www.dilseeducationfoundation.org/press-releases/index78a9.html]
[www.dilseeducationfoundation.org/ways-to-givececb]
[www.dilseeducationfoundation.org/ways-to-give.html]
[www.dilseeducationfoundation.org/universal/svg/social-accounts.svg]
[www.dilseeducationfoundation.org/ways-to-give/index.html]
[static1.squarespace.com/static/sitecss/562b4e05e4b02f107e1371ef/11/52a74dafe4b073a80cd253c5/562c6f6be4b094a157a18326/962-05142015/1470380036650/gallery-play-big.css]
[static1.squarespace.com/static/sitecss/562b4e05e4b02f107e1371ef/11/52a74dafe4b073a80cd253c5/562c6f6be4b094a157a18326/962-05142015/1470380036650/gallery-play-big@2x.css]
[static1.squarespace.com/static/sitecss/562b4e05e4b02f107e1371ef/11/52a74dafe4b073a80cd253c5/562c6f6be4b094a157a18326/962-05142015/1470380036650/icon_close_14_light.css]
[static1.squarespace.com/static/562b4e05e4b02f107e1371ef/57596aede32140048009fc6b/57596affe32140048009fccb/1465645499378/IMG_20160402_094125_HDRb469.jpg]
[www.dilseeducationfoundation.org/press-releases/2016/6/9/shri-d-ronald-rose-ias-collector-district-magistrate-medak-telangana-state-appreciating-the-swachh-vidyalaya-efforts-at-mpps-ramachandrapuram-medak-telang]
[www.dilseeducationfoundation.org/press-releases/indexbfaa.html]
[static1.squarespace.com/static/562b4e05e4b02f107e1371ef/57596aede32140048009fc6b/575be21e4d088e9dc6d63d14/1465645444892/10b469.png]
[www.dilseeducationfoundation.org/press-releases/2016/6/11/dil-se-education-foundation-and-mpp-take-up-the-mission-to-educate-students-to-protect-and-plant-trees-at-ramachandrapuram.html]
[static1.squarespace.com/static/562b4e05e4b02f107e1371ef/57596aede32140048009fc6b/575be1efb6aa60ec37c2340d/1465645384386/9b469.jpg]
[www.dilseeducationfoundation.org/press-releases/2016/6/11/dil-se-education-foundation-introduces-english-as-a-medium-of-instruction-for-the-first-time-in-a-government-school-at-ramachandrapuram.html]
[static1.squarespace.com/static/562b4e05e4b02f107e1371ef/57596aede32140048009fc6b/575be1bbb6aa60ec37c23395/1465639393399/8b469.jpg]
[www.dilseeducationfoundation.org/press-releases/2016/6/11/dil-se-education-foundation-endorses-mission-vidyalaya.html]
[static1.squarespace.com/static/562b4e05e4b02f107e1371ef/57596aede32140048009fc6b/575be1761d07c00975ada267/1465639340821/7b469.jpg]
[www.dilseeducationfoundation.org/press-releases/2016/6/11/mpp-yadagiri-yadav-appreciates-dil-se-education-foundation-for-endorsing-haritha-haram-green-garland-to-telangana-program-for-planting-trees.html]
[static1.squarespace.com/static/562b4e05e4b02f107e1371ef/57596aede32140048009fc6b/575be141044262e4c49504e2/1465645360195/5b469.jpg]
[www.dilseeducationfoundation.org/press-releases/2016/6/11/dil-se-education-foundation-promotes-planting-trees-and-educates-students-to-conserve-the-environment.html]
[static1.squarespace.com/static/562b4e05e4b02f107e1371ef/57596aede32140048009fc6b/575be0f8cf80a1dcbbc37b31/1465645337966/4b469.jpg]
[www.dilseeducationfoundation.org/press-releases/2016/6/11/with-the-support-of-dil-se-education-mpp-yadagiri-yadav-urges-children-to-join-government-schools.html]
[static1.squarespace.com/static/562b4e05e4b02f107e1371ef/57596aede32140048009fc6b/575be0d3cf80a1dcbbc37af6/1465639622410/3b469.jpg]
[www.dilseeducationfoundation.org/press-releases/2016/6/11/mpp-yadagiri-yadav-revamps-government-school-with-dil-se-education-support.html]
[static1.squarespace.com/static/562b4e05e4b02f107e1371ef/57596aede32140048009fc6b/575be09222482ea137065903/1465645321783/2b469.jpg]
[www.dilseeducationfoundation.org/press-releases/2016/6/11/mpp-yadagiri-yadav-takes-initiative-to-improve-the-infrastructure-and-provide-education-to-the-underprivileged-children-with-the-support-of-dil-se-educat]
[static1.squarespace.com/static/562b4e05e4b02f107e1371ef/57596aede32140048009fc6b/575bdfc0356fb0f0120fa346/1465645303337/1b469.jpg]
[www.dilseeducationfoundation.org/press-releases/2016/6/11/dil-se-education-steps-forward-to-adopt-government-schools-by-facilitating-digital-education-improving-sanitation-and-infrastructure.html]
[static1.squarespace.com/static/562b4e05e4b02f107e1371ef/57596aede32140048009fc6b/57596bc704426206fb134963/1465645247154/12924323_1672610902988212_903061452179906707_nb469.jpg]
[www.dilseeducationfoundation.org/press-releases/2016/6/9/receiving-certificates-of-appreciation-from-members-of-government-of-telangana-for-the-outstanding-contribution-to-swachh-vidyalaya-program.html]
[www.dilseeducationfoundation.org/press-releases/indexf497.html]
[www.dilseeducationfoundation.org/press-releases/indexe85f.html]
[www.dilseeducationfoundation.org/press-releases/index78a9.html]
[www.dilseeducationfoundation.org/ways-to-give/index.html]
